<?xml version="1.0" encoding="UTF-8"?>
<testng-results skipped="0" failed="0" ignored="0" total="17" passed="17">
  <reporter-output>
  </reporter-output>
  <suite name="Default suite" duration-ms="101153" started-at="2019-02-14T07:19:59Z" finished-at="2019-02-14T07:21:40Z">
    <groups>
    </groups>
    <test name="Default test" duration-ms="101153" started-at="2019-02-14T07:19:59Z" finished-at="2019-02-14T07:21:40Z">
      <class name="com.training.functional.tests.TC_79ApplicationAllowsTeachertoAuthorCourseAssignmentsQuizStudentsRegisterCourseCompleteAssignmentsTeacherReviewSendMailTest">
        <test-method status="PASS" signature="setUpBeforeClass()[pri:0, instance:com.training.functional.tests.TC_79ApplicationAllowsTeachertoAuthorCourseAssignmentsQuizStudentsRegisterCourseCompleteAssignmentsTeacherReviewSendMailTest@47c62251]" name="setUpBeforeClass" is-config="true" duration-ms="27" started-at="2019-02-14T07:19:59Z" finished-at="2019-02-14T07:19:59Z">
          <reporter-output>
          </reporter-output>
        </test-method> <!-- setUpBeforeClass -->
        <test-method status="PASS" signature="BrowserLaunchTest()[pri:0, instance:com.training.functional.tests.TC_79ApplicationAllowsTeachertoAuthorCourseAssignmentsQuizStudentsRegisterCourseCompleteAssignmentsTeacherReviewSendMailTest@47c62251]" name="BrowserLaunchTest" duration-ms="36788" started-at="2019-02-14T07:19:59Z" finished-at="2019-02-14T07:20:36Z">
          <reporter-output>
          </reporter-output>
        </test-method> <!-- BrowserLaunchTest -->
        <test-method status="PASS" signature="validTeacherLoginTest()[pri:1, instance:com.training.functional.tests.TC_79ApplicationAllowsTeachertoAuthorCourseAssignmentsQuizStudentsRegisterCourseCompleteAssignmentsTeacherReviewSendMailTest@47c62251]" name="validTeacherLoginTest" duration-ms="7129" started-at="2019-02-14T07:20:36Z" finished-at="2019-02-14T07:20:43Z">
          <reporter-output>
          </reporter-output>
        </test-method> <!-- validTeacherLoginTest -->
        <test-method status="PASS" signature="clickOnAssessmentLink()[pri:2, instance:com.training.functional.tests.TC_79ApplicationAllowsTeachertoAuthorCourseAssignmentsQuizStudentsRegisterCourseCompleteAssignmentsTeacherReviewSendMailTest@47c62251]" name="clickOnAssessmentLink" duration-ms="1770" started-at="2019-02-14T07:20:43Z" finished-at="2019-02-14T07:20:45Z">
          <reporter-output>
          </reporter-output>
        </test-method> <!-- clickOnAssessmentLink -->
        <test-method status="PASS" signature="AssessmentHomePage()[pri:3, instance:com.training.functional.tests.TC_79ApplicationAllowsTeachertoAuthorCourseAssignmentsQuizStudentsRegisterCourseCompleteAssignmentsTeacherReviewSendMailTest@47c62251]" name="AssessmentHomePage" duration-ms="1474" started-at="2019-02-14T07:20:45Z" finished-at="2019-02-14T07:20:47Z">
          <reporter-output>
          </reporter-output>
        </test-method> <!-- AssessmentHomePage -->
        <test-method status="PASS" signature="ChooseTypeOfActivityToAccess()[pri:4, instance:com.training.functional.tests.TC_79ApplicationAllowsTeachertoAuthorCourseAssignmentsQuizStudentsRegisterCourseCompleteAssignmentsTeacherReviewSendMailTest@47c62251]" name="ChooseTypeOfActivityToAccess" duration-ms="1609" started-at="2019-02-14T07:20:47Z" finished-at="2019-02-14T07:20:48Z">
          <reporter-output>
          </reporter-output>
        </test-method> <!-- ChooseTypeOfActivityToAccess -->
        <test-method status="PASS" signature="ChooseActivityToAccess()[pri:5, instance:com.training.functional.tests.TC_79ApplicationAllowsTeachertoAuthorCourseAssignmentsQuizStudentsRegisterCourseCompleteAssignmentsTeacherReviewSendMailTest@47c62251]" name="ChooseActivityToAccess" duration-ms="2701" started-at="2019-02-14T07:20:48Z" finished-at="2019-02-14T07:20:51Z">
          <reporter-output>
          </reporter-output>
        </test-method> <!-- ChooseActivityToAccess -->
        <test-method status="PASS" signature="clickOnEditIconofCreatedAssessment()[pri:6, instance:com.training.functional.tests.TC_79ApplicationAllowsTeachertoAuthorCourseAssignmentsQuizStudentsRegisterCourseCompleteAssignmentsTeacherReviewSendMailTest@47c62251]" name="clickOnEditIconofCreatedAssessment" duration-ms="2542" started-at="2019-02-14T07:20:51Z" finished-at="2019-02-14T07:20:53Z">
          <reporter-output>
          </reporter-output>
        </test-method> <!-- clickOnEditIconofCreatedAssessment -->
        <test-method status="PASS" signature="clickOnAttachedCertificateIcon()[pri:7, instance:com.training.functional.tests.TC_79ApplicationAllowsTeachertoAuthorCourseAssignmentsQuizStudentsRegisterCourseCompleteAssignmentsTeacherReviewSendMailTest@47c62251]" name="clickOnAttachedCertificateIcon" duration-ms="2031" started-at="2019-02-14T07:20:53Z" finished-at="2019-02-14T07:20:55Z">
          <reporter-output>
          </reporter-output>
        </test-method> <!-- clickOnAttachedCertificateIcon -->
        <test-method status="PASS" signature="SignOutFromTeacherTest()[pri:8, instance:com.training.functional.tests.TC_79ApplicationAllowsTeachertoAuthorCourseAssignmentsQuizStudentsRegisterCourseCompleteAssignmentsTeacherReviewSendMailTest@47c62251]" name="SignOutFromTeacherTest" duration-ms="1340" started-at="2019-02-14T07:20:55Z" finished-at="2019-02-14T07:20:57Z">
          <reporter-output>
          </reporter-output>
        </test-method> <!-- SignOutFromTeacherTest -->
        <test-method status="PASS" signature="StudentLogin()[pri:9, instance:com.training.functional.tests.TC_79ApplicationAllowsTeachertoAuthorCourseAssignmentsQuizStudentsRegisterCourseCompleteAssignmentsTeacherReviewSendMailTest@47c62251]" name="StudentLogin" duration-ms="1764" started-at="2019-02-14T07:20:57Z" finished-at="2019-02-14T07:20:59Z">
          <reporter-output>
          </reporter-output>
        </test-method> <!-- StudentLogin -->
        <test-method status="PASS" signature="clickCourseCatalogLink()[pri:10, instance:com.training.functional.tests.TC_79ApplicationAllowsTeachertoAuthorCourseAssignmentsQuizStudentsRegisterCourseCompleteAssignmentsTeacherReviewSendMailTest@47c62251]" name="clickCourseCatalogLink" duration-ms="1116" started-at="2019-02-14T07:20:59Z" finished-at="2019-02-14T07:21:00Z">
          <reporter-output>
          </reporter-output>
        </test-method> <!-- clickCourseCatalogLink -->
        <test-method status="PASS" signature="clickSearchCourseitemaftersubscribe()[pri:11, instance:com.training.functional.tests.TC_79ApplicationAllowsTeachertoAuthorCourseAssignmentsQuizStudentsRegisterCourseCompleteAssignmentsTeacherReviewSendMailTest@47c62251]" name="clickSearchCourseitemaftersubscribe" duration-ms="2500" started-at="2019-02-14T07:21:00Z" finished-at="2019-02-14T07:21:02Z">
          <reporter-output>
          </reporter-output>
        </test-method> <!-- clickSearchCourseitemaftersubscribe -->
        <test-method status="PASS" signature="clickOnStudentAssessmentLink()[pri:12, instance:com.training.functional.tests.TC_79ApplicationAllowsTeachertoAuthorCourseAssignmentsQuizStudentsRegisterCourseCompleteAssignmentsTeacherReviewSendMailTest@47c62251]" name="clickOnStudentAssessmentLink" duration-ms="7235" started-at="2019-02-14T07:21:02Z" finished-at="2019-02-14T07:21:09Z">
          <reporter-output>
          </reporter-output>
        </test-method> <!-- clickOnStudentAssessmentLink -->
        <test-method status="PASS" signature="clickonAnswersofTest()[pri:13, instance:com.training.functional.tests.TC_79ApplicationAllowsTeachertoAuthorCourseAssignmentsQuizStudentsRegisterCourseCompleteAssignmentsTeacherReviewSendMailTest@47c62251]" name="clickonAnswersofTest" duration-ms="16404" started-at="2019-02-14T07:21:09Z" finished-at="2019-02-14T07:21:26Z">
          <reporter-output>
          </reporter-output>
        </test-method> <!-- clickonAnswersofTest -->
        <test-method status="PASS" signature="DisplayStudentTestResult()[pri:14, instance:com.training.functional.tests.TC_79ApplicationAllowsTeachertoAuthorCourseAssignmentsQuizStudentsRegisterCourseCompleteAssignmentsTeacherReviewSendMailTest@47c62251]" name="DisplayStudentTestResult" duration-ms="109" started-at="2019-02-14T07:21:26Z" finished-at="2019-02-14T07:21:26Z">
          <reporter-output>
          </reporter-output>
        </test-method> <!-- DisplayStudentTestResult -->
        <test-method status="PASS" signature="SignOutFromStudentTest()[pri:15, instance:com.training.functional.tests.TC_79ApplicationAllowsTeachertoAuthorCourseAssignmentsQuizStudentsRegisterCourseCompleteAssignmentsTeacherReviewSendMailTest@47c62251]" name="SignOutFromStudentTest" duration-ms="3282" started-at="2019-02-14T07:21:26Z" finished-at="2019-02-14T07:21:29Z">
          <reporter-output>
          </reporter-output>
        </test-method> <!-- SignOutFromStudentTest -->
        <test-method status="PASS" signature="CheckTeacherLoginTest()[pri:16, instance:com.training.functional.tests.TC_79ApplicationAllowsTeachertoAuthorCourseAssignmentsQuizStudentsRegisterCourseCompleteAssignmentsTeacherReviewSendMailTest@47c62251]" name="CheckTeacherLoginTest" duration-ms="10448" started-at="2019-02-14T07:21:29Z" finished-at="2019-02-14T07:21:40Z">
          <reporter-output>
          </reporter-output>
        </test-method> <!-- CheckTeacherLoginTest -->
        <test-method status="PASS" signature="tearDown()[pri:0, instance:com.training.functional.tests.TC_79ApplicationAllowsTeachertoAuthorCourseAssignmentsQuizStudentsRegisterCourseCompleteAssignmentsTeacherReviewSendMailTest@47c62251]" name="tearDown" is-config="true" duration-ms="824" started-at="2019-02-14T07:21:40Z" finished-at="2019-02-14T07:21:40Z">
          <reporter-output>
          </reporter-output>
        </test-method> <!-- tearDown -->
      </class> <!-- com.training.functional.tests.TC_79ApplicationAllowsTeachertoAuthorCourseAssignmentsQuizStudentsRegisterCourseCompleteAssignmentsTeacherReviewSendMailTest -->
    </test> <!-- Default test -->
  </suite> <!-- Default suite -->
</testng-results>
